<?xml version="1.0" encoding="UTF-8"?>
<!-- Generated by org.testng.reporters.JUnitXMLReporter -->
<testsuite ignored="0" hostname="UDIND-LP041" failures="1" tests="6" name="Test" time="0.075" errors="0" timestamp="2022-06-13T16:39:10 IST">
  <testcase classname="Day9.TestNGListnersDemo" name="test1" time="0.01"/>
  <testcase classname="Day9.TestNGListnersDemo" name="test2" time="0.01">
    <failure type="java.lang.AssertionError" message="expected [true] but found [false]">
      <![CDATA[java.lang.AssertionError: expected [true] but found [false]
at Day9.TestNGListnersDemo.test2(TestNGListnersDemo.java:16)
at java.base/java.util.ArrayList.forEach(ArrayList.java:1511)
... Removed 29 stack frames]]>
    </failure>
  </testcase> <!-- test2 -->
  <testcase classname="Day9.TestNGListnersDemo" name="test3" time="0.001">
    <skipped/>
  </testcase> <!-- test3 -->
  <testcase classname="Day9.TestNGListnersDemo2" name="test4" time="0.001"/>
  <testcase classname="Day9.TestNGListnersDemo2" name="test5" time="0.002"/>
  <testcase classname="Day9.TestNGListnersDemo2" name="test6" time="0.001"/>
</testsuite> <!-- Test -->
