<?xml version="1.0" encoding="UTF-8"?>
<testng-results ignored="0" total="1" passed="1" failed="0" skipped="0">
  <reporter-output>
  </reporter-output>
  <suite started-at="2022-06-15T21:12:30 IST" name="Default suite" finished-at="2022-06-15T21:12:44 IST" duration-ms="14786">
    <groups>
    </groups>
    <test started-at="2022-06-15T21:12:30 IST" name="Default test" finished-at="2022-06-15T21:12:44 IST" duration-ms="14786">
      <class name="Day13.UntitledTestCase">
        <test-method is-config="true" signature="setUp()[pri:0, instance:Day13.UntitledTestCase@5c6648b0]" started-at="2022-06-15T21:12:30 IST" name="setUp" finished-at="2022-06-15T21:12:35 IST" duration-ms="4932" status="PASS">
          <reporter-output>
          </reporter-output>
        </test-method> <!-- setUp -->
        <test-method signature="testUntitledTestCase()[pri:0, instance:Day13.UntitledTestCase@5c6648b0]" started-at="2022-06-15T21:12:35 IST" name="testUntitledTestCase" finished-at="2022-06-15T21:12:43 IST" duration-ms="8399" status="PASS">
          <reporter-output>
          </reporter-output>
        </test-method> <!-- testUntitledTestCase -->
        <test-method is-config="true" signature="tearDown()[pri:0, instance:Day13.UntitledTestCase@5c6648b0]" started-at="2022-06-15T21:12:43 IST" name="tearDown" finished-at="2022-06-15T21:12:44 IST" duration-ms="1418" status="PASS">
          <reporter-output>
          </reporter-output>
        </test-method> <!-- tearDown -->
      </class> <!-- Day13.UntitledTestCase -->
    </test> <!-- Default test -->
  </suite> <!-- Default suite -->
</testng-results>
